<?xml version="1.0" encoding="UTF-8"?>
<!-- Generated by org.testng.reporters.JUnitXMLReporter -->
<testsuite ignored="3" hostname="DESKTOP-KDQFS4P" failures="0" tests="1" name="Default test" time="4.059" errors="0" timestamp="2022-02-22T14:48:21 IST">
  <testcase classname="com.bridgelabz.TestApi" name="getTest" time="3.961"/>
  <testcase classname="com.bridgelabz.TestApi" name="postTest" time="0.0">
    <ignored/>
  </testcase> <!-- postTest -->
  <testcase classname="com.bridgelabz.TestApi" name="putTest" time="0.0">
    <ignored/>
  </testcase> <!-- putTest -->
  <testcase classname="com.bridgelabz.TestApi" name="deleteTest" time="0.0">
    <ignored/>
  </testcase> <!-- deleteTest -->
</testsuite> <!-- Default test -->
