<?xml version="1.0" encoding="UTF-8"?>
<!-- Generated by org.testng.reporters.JUnitXMLReporter -->
<testsuite ignored="2" hostname="DESKTOP-KDQFS4P" failures="0" tests="1" name="Default test" time="6.871" errors="0" timestamp="2022-02-24T22:52:05 IST">
  <testcase classname="com.bridgelabz.PostTest" name="postTest" time="6.767"/>
  <testcase classname="com.bridgelabz.PostTest" name="retweetTest" time="0.0">
    <ignored/>
  </testcase> <!-- retweetTest -->
  <testcase classname="com.bridgelabz.PostTest" name="delete" time="0.0">
    <ignored/>
  </testcase> <!-- delete -->
</testsuite> <!-- Default test -->
