<?xml version="1.0" encoding="UTF-8"?>
<testng-results ignored="3" total="4" passed="1" failed="0" skipped="0">
  <reporter-output>
  </reporter-output>
  <suite started-at="2022-02-22T14:48:17 IST" name="Default suite" finished-at="2022-02-22T14:48:21 IST" duration-ms="4059">
    <groups>
    </groups>
    <test started-at="2022-02-22T14:48:17 IST" name="Default test" finished-at="2022-02-22T14:48:21 IST" duration-ms="4059">
      <class name="com.bridgelabz.TestApi">
        <test-method signature="getTest()[pri:0, instance:com.bridgelabz.TestApi@71b1176b]" started-at="2022-02-22T14:48:17 IST" name="getTest" finished-at="2022-02-22T14:48:21 IST" duration-ms="3961" status="PASS">
          <reporter-output>
          </reporter-output>
        </test-method> <!-- getTest -->
      </class> <!-- com.bridgelabz.TestApi -->
    </test> <!-- Default test -->
  </suite> <!-- Default suite -->
</testng-results>
