<?xml version="1.0" encoding="UTF-8"?>
<testng-results ignored="2" total="3" passed="1" failed="0" skipped="0">
  <reporter-output>
  </reporter-output>
  <suite started-at="2022-02-24T22:51:58 IST" name="Default suite" finished-at="2022-02-24T22:52:05 IST" duration-ms="6871">
    <groups>
    </groups>
    <test started-at="2022-02-24T22:51:58 IST" name="Default test" finished-at="2022-02-24T22:52:05 IST" duration-ms="6871">
      <class name="com.bridgelabz.PostTest">
        <test-method signature="postTest()[pri:0, instance:com.bridgelabz.PostTest@159f197]" started-at="2022-02-24T22:51:58 IST" name="postTest" finished-at="2022-02-24T22:52:05 IST" duration-ms="6767" status="PASS">
          <reporter-output>
          </reporter-output>
        </test-method> <!-- postTest -->
      </class> <!-- com.bridgelabz.PostTest -->
    </test> <!-- Default test -->
  </suite> <!-- Default suite -->
</testng-results>
